  [4;36;1mSQL (0.4ms)[0m   [0;1mSET NAMES 'utf8'[0m
  [4;35;1mSQL (0.2ms)[0m   [0mSET SQL_AUTO_IS_NULL=0[0m
  [4;36;1mConhecimento Columns (13.6ms)[0m   [0;1mSHOW FIELDS FROM `conhecimentos`[0m
  [4;35;1mAutor Columns (0.9ms)[0m   [0mSHOW FIELDS FROM `autors`[0m
  [4;36;1mSQL (0.2ms)[0m   [0;1mBEGIN[0m
  [4;35;1mAutor Create (16.4ms)[0m   [0mINSERT INTO `autors` (`created_at`, `nome`, `updated_at`) VALUES('2010-08-23 19:41:11', 'Meu autor', '2010-08-23 19:41:11')[0m
  [4;36;1mConhecimento Create (0.3ms)[0m   [0;1mINSERT INTO `conhecimentos` (`created_at`, `autor_id`, `titulo`, `updated_at`, `texto`) VALUES('2010-08-23 19:41:11', 1, 'livro de teste', '2010-08-23 19:41:11', 'meu livro')[0m
  [4;35;1mSQL (10.2ms)[0m   [0mCOMMIT[0m
  [4;36;1mSQL (0.6ms)[0m   [0;1mSELECT @@FOREIGN_KEY_CHECKS[0m
  [4;35;1mSQL (0.1ms)[0m   [0mSET FOREIGN_KEY_CHECKS = 0[0m
  [4;36;1mSQL (9.6ms)[0m   [0;1mSHOW TABLES[0m
  [4;35;1mSQL (20.6ms)[0m   [0mTRUNCATE TABLE `autors`;[0m
  [4;36;1mSQL (3.6ms)[0m   [0;1mTRUNCATE TABLE `conhecimentos`;[0m
  [4;35;1mSQL (0.1ms)[0m   [0mSET FOREIGN_KEY_CHECKS = 1[0m
  [4;36;1mSQL (0.2ms)[0m   [0;1mSET NAMES 'utf8'[0m
  [4;35;1mSQL (0.1ms)[0m   [0mSET SQL_AUTO_IS_NULL=0[0m
  [4;36;1mConhecimento Columns (15.2ms)[0m   [0;1mSHOW FIELDS FROM `conhecimentos`[0m
  [4;35;1mAutor Columns (3.4ms)[0m   [0mSHOW FIELDS FROM `autors`[0m
  [4;36;1mSQL (2.8ms)[0m   [0;1mBEGIN[0m
  [4;35;1mAutor Create (0.5ms)[0m   [0mINSERT INTO `autors` (`created_at`, `nome`, `updated_at`) VALUES('2010-08-23 19:41:35', 'Meu autor', '2010-08-23 19:41:35')[0m
  [4;36;1mConhecimento Create (0.2ms)[0m   [0;1mINSERT INTO `conhecimentos` (`created_at`, `autor_id`, `titulo`, `updated_at`, `texto`) VALUES('2010-08-23 19:41:35', 1, 'livro de teste', '2010-08-23 19:41:35', 'meu livro')[0m
  [4;35;1mSQL (4.9ms)[0m   [0mCOMMIT[0m


Processing ConhecimentosController#index (for 127.0.0.1 at 2010-08-23 16:41:42) [GET]
  [4;36;1mSQL (0.3ms)[0m   [0;1mSET NAMES 'utf8'[0m
  [4;35;1mSQL (0.1ms)[0m   [0mSET SQL_AUTO_IS_NULL=0[0m
  [4;36;1mAutor Load (13.4ms)[0m   [0;1mSELECT * FROM `autors` ORDER BY id DESC[0m
  [4;35;1mConhecimento Load (0.5ms)[0m   [0mSELECT * FROM `conhecimentos` ORDER BY id DESC[0m
Rendering template within layouts/application
Rendering conhecimentos/index
  [4;36;1mAutor Load (1.7ms)[0m   [0;1mSELECT * FROM `autors` WHERE (`autors`.`id` = 1) [0m
Rendered autors/_index (10.9ms)
Completed in 80ms (View: 48, DB: 14) | 200 OK [http://localhost/]
  [4;35;1mSQL (0.5ms)[0m   [0mSELECT @@FOREIGN_KEY_CHECKS[0m
  [4;36;1mSQL (0.1ms)[0m   [0;1mSET FOREIGN_KEY_CHECKS = 0[0m
  [4;35;1mSQL (0.9ms)[0m   [0mSHOW TABLES[0m
  [4;36;1mSQL (18.1ms)[0m   [0;1mTRUNCATE TABLE `autors`;[0m
  [4;35;1mSQL (15.8ms)[0m   [0mTRUNCATE TABLE `conhecimentos`;[0m
  [4;36;1mSQL (0.1ms)[0m   [0;1mSET FOREIGN_KEY_CHECKS = 1[0m
  [4;36;1mSQL (0.2ms)[0m   [0;1mSET NAMES 'utf8'[0m
  [4;35;1mSQL (0.2ms)[0m   [0mSET SQL_AUTO_IS_NULL=0[0m
  [4;36;1mConhecimento Columns (1.8ms)[0m   [0;1mSHOW FIELDS FROM `conhecimentos`[0m
  [4;35;1mAutor Columns (0.8ms)[0m   [0mSHOW FIELDS FROM `autors`[0m
  [4;36;1mSQL (0.1ms)[0m   [0;1mBEGIN[0m
  [4;35;1mAutor Create (0.4ms)[0m   [0mINSERT INTO `autors` (`created_at`, `nome`, `updated_at`) VALUES('2010-08-23 19:42:15', 'Meu autor', '2010-08-23 19:42:15')[0m
  [4;36;1mConhecimento Create (0.2ms)[0m   [0;1mINSERT INTO `conhecimentos` (`created_at`, `autor_id`, `titulo`, `updated_at`, `texto`) VALUES('2010-08-23 19:42:15', 1, 'livro de teste', '2010-08-23 19:42:15', 'meu livro')[0m
  [4;35;1mSQL (5.1ms)[0m   [0mCOMMIT[0m


Processing ConhecimentosController#index (for 127.0.0.1 at 2010-08-23 16:42:19) [GET]
  [4;36;1mSQL (1.4ms)[0m   [0;1mSET NAMES 'utf8'[0m
  [4;35;1mSQL (0.3ms)[0m   [0mSET SQL_AUTO_IS_NULL=0[0m
  [4;36;1mAutor Load (2.0ms)[0m   [0;1mSELECT * FROM `autors` ORDER BY id DESC[0m
  [4;35;1mConhecimento Load (0.8ms)[0m   [0mSELECT * FROM `conhecimentos` ORDER BY id DESC[0m
Rendering template within layouts/application
Rendering conhecimentos/index
  [4;36;1mAutor Load (0.5ms)[0m   [0;1mSELECT * FROM `autors` WHERE (`autors`.`id` = 1) [0m
Rendered autors/_index (7.3ms)
Completed in 89ms (View: 42, DB: 4) | 200 OK [http://localhost/]
  [4;35;1mSQL (0.9ms)[0m   [0mSELECT @@FOREIGN_KEY_CHECKS[0m
  [4;36;1mSQL (0.2ms)[0m   [0;1mSET FOREIGN_KEY_CHECKS = 0[0m
  [4;35;1mSQL (0.8ms)[0m   [0mSHOW TABLES[0m
  [4;36;1mSQL (23.2ms)[0m   [0;1mTRUNCATE TABLE `autors`;[0m
  [4;35;1mSQL (4.1ms)[0m   [0mTRUNCATE TABLE `conhecimentos`;[0m
  [4;36;1mSQL (0.1ms)[0m   [0;1mSET FOREIGN_KEY_CHECKS = 1[0m
  [4;36;1mSQL (0.2ms)[0m   [0;1mSET NAMES 'utf8'[0m
  [4;35;1mSQL (0.1ms)[0m   [0mSET SQL_AUTO_IS_NULL=0[0m
  [4;36;1mConhecimento Columns (7.7ms)[0m   [0;1mSHOW FIELDS FROM `conhecimentos`[0m
  [4;35;1mAutor Columns (2.9ms)[0m   [0mSHOW FIELDS FROM `autors`[0m
  [4;36;1mSQL (0.3ms)[0m   [0;1mBEGIN[0m
  [4;35;1mAutor Create (0.7ms)[0m   [0mINSERT INTO `autors` (`created_at`, `nome`, `updated_at`) VALUES('2010-08-23 19:43:34', 'Meu autor', '2010-08-23 19:43:34')[0m
  [4;36;1mConhecimento Create (0.4ms)[0m   [0;1mINSERT INTO `conhecimentos` (`created_at`, `autor_id`, `titulo`, `updated_at`, `texto`) VALUES('2010-08-23 19:43:34', 1, 'livro de teste', '2010-08-23 19:43:34', 'meu livro')[0m
  [4;35;1mSQL (4.2ms)[0m   [0mCOMMIT[0m


Processing ConhecimentosController#index (for 127.0.0.1 at 2010-08-23 16:43:37) [GET]
  [4;36;1mSQL (0.1ms)[0m   [0;1mSET NAMES 'utf8'[0m
  [4;35;1mSQL (0.2ms)[0m   [0mSET SQL_AUTO_IS_NULL=0[0m
  [4;36;1mAutor Load (0.5ms)[0m   [0;1mSELECT * FROM `autors` ORDER BY id DESC[0m
  [4;35;1mConhecimento Load (0.2ms)[0m   [0mSELECT * FROM `conhecimentos` ORDER BY id DESC[0m
Rendering template within layouts/application
Rendering conhecimentos/index
  [4;36;1mAutor Load (0.3ms)[0m   [0;1mSELECT * FROM `autors` WHERE (`autors`.`id` = 1) [0m
Rendered autors/_index (7.4ms)
Completed in 39ms (View: 26, DB: 1) | 200 OK [http://localhost/]
  [4;35;1mSQL (0.3ms)[0m   [0mSELECT @@FOREIGN_KEY_CHECKS[0m
  [4;36;1mSQL (0.3ms)[0m   [0;1mSET FOREIGN_KEY_CHECKS = 0[0m
  [4;35;1mSQL (0.4ms)[0m   [0mSHOW TABLES[0m
  [4;36;1mSQL (7.6ms)[0m   [0;1mTRUNCATE TABLE `autors`;[0m
  [4;35;1mSQL (6.3ms)[0m   [0mTRUNCATE TABLE `conhecimentos`;[0m
  [4;36;1mSQL (0.2ms)[0m   [0;1mSET FOREIGN_KEY_CHECKS = 1[0m
  [4;36;1mSQL (0.2ms)[0m   [0;1mSET NAMES 'utf8'[0m
  [4;35;1mSQL (0.2ms)[0m   [0mSET SQL_AUTO_IS_NULL=0[0m
  [4;36;1mConhecimento Columns (1.2ms)[0m   [0;1mSHOW FIELDS FROM `conhecimentos`[0m
  [4;35;1mAutor Columns (0.9ms)[0m   [0mSHOW FIELDS FROM `autors`[0m
  [4;36;1mSQL (6.7ms)[0m   [0;1mBEGIN[0m
  [4;35;1mAutor Create (0.5ms)[0m   [0mINSERT INTO `autors` (`created_at`, `nome`, `updated_at`) VALUES('2010-08-23 19:45:39', 'Meu autor', '2010-08-23 19:45:39')[0m
  [4;36;1mConhecimento Create (0.2ms)[0m   [0;1mINSERT INTO `conhecimentos` (`created_at`, `autor_id`, `titulo`, `updated_at`, `texto`) VALUES('2010-08-23 19:45:39', 1, 'livro de teste', '2010-08-23 19:45:39', 'meu livro')[0m
  [4;35;1mSQL (5.3ms)[0m   [0mCOMMIT[0m


Processing ConhecimentosController#index (for 127.0.0.1 at 2010-08-23 16:45:43) [GET]
  [4;36;1mSQL (0.2ms)[0m   [0;1mSET NAMES 'utf8'[0m
  [4;35;1mSQL (0.1ms)[0m   [0mSET SQL_AUTO_IS_NULL=0[0m
  [4;36;1mAutor Load (5.1ms)[0m   [0;1mSELECT * FROM `autors` ORDER BY id DESC[0m
  [4;35;1mConhecimento Load (2.1ms)[0m   [0mSELECT * FROM `conhecimentos` ORDER BY id DESC[0m
Rendering template within layouts/application
Rendering conhecimentos/index
  [4;36;1mAutor Load (0.4ms)[0m   [0;1mSELECT * FROM `autors` WHERE (`autors`.`id` = 1) [0m
Rendered autors/_index (6.0ms)
Completed in 47ms (View: 25, DB: 8) | 200 OK [http://localhost/]
  [4;35;1mSQL (0.6ms)[0m   [0mSELECT @@FOREIGN_KEY_CHECKS[0m
  [4;36;1mSQL (0.1ms)[0m   [0;1mSET FOREIGN_KEY_CHECKS = 0[0m
  [4;35;1mSQL (0.5ms)[0m   [0mSHOW TABLES[0m
  [4;36;1mSQL (59.8ms)[0m   [0;1mTRUNCATE TABLE `autors`;[0m
  [4;35;1mSQL (5.4ms)[0m   [0mTRUNCATE TABLE `conhecimentos`;[0m
  [4;36;1mSQL (0.3ms)[0m   [0;1mSET FOREIGN_KEY_CHECKS = 1[0m
  [4;36;1mSQL (8.4ms)[0m   [0;1mSET NAMES 'utf8'[0m
  [4;35;1mSQL (0.2ms)[0m   [0mSET SQL_AUTO_IS_NULL=0[0m
  [4;36;1mConhecimento Columns (0.9ms)[0m   [0;1mSHOW FIELDS FROM `conhecimentos`[0m
  [4;35;1mAutor Columns (3.4ms)[0m   [0mSHOW FIELDS FROM `autors`[0m
  [4;36;1mSQL (4.9ms)[0m   [0;1mBEGIN[0m
  [4;35;1mAutor Create (0.7ms)[0m   [0mINSERT INTO `autors` (`created_at`, `nome`, `updated_at`) VALUES('2010-08-23 19:45:52', 'Meu autor', '2010-08-23 19:45:52')[0m
  [4;36;1mConhecimento Create (1.6ms)[0m   [0;1mINSERT INTO `conhecimentos` (`created_at`, `autor_id`, `titulo`, `updated_at`, `texto`) VALUES('2010-08-23 19:45:52', 1, 'livro de teste', '2010-08-23 19:45:52', 'meu livro')[0m
  [4;35;1mSQL (44.9ms)[0m   [0mCOMMIT[0m


Processing ConhecimentosController#index (for 127.0.0.1 at 2010-08-23 16:45:55) [GET]
  [4;36;1mSQL (0.2ms)[0m   [0;1mSET NAMES 'utf8'[0m
  [4;35;1mSQL (0.1ms)[0m   [0mSET SQL_AUTO_IS_NULL=0[0m
  [4;36;1mAutor Load (8.0ms)[0m   [0;1mSELECT * FROM `autors` ORDER BY id DESC[0m
  [4;35;1mConhecimento Load (0.4ms)[0m   [0mSELECT * FROM `conhecimentos` ORDER BY id DESC[0m
Rendering template within layouts/application
Rendering conhecimentos/index
  [4;36;1mAutor Load (0.6ms)[0m   [0;1mSELECT * FROM `autors` WHERE (`autors`.`id` = 1) [0m
Rendered autors/_index (17.0ms)
Completed in 74ms (View: 45, DB: 9) | 200 OK [http://localhost/]
  [4;35;1mSQL (0.4ms)[0m   [0mSELECT @@FOREIGN_KEY_CHECKS[0m
  [4;36;1mSQL (0.1ms)[0m   [0;1mSET FOREIGN_KEY_CHECKS = 0[0m
  [4;35;1mSQL (1.0ms)[0m   [0mSHOW TABLES[0m
  [4;36;1mSQL (5.0ms)[0m   [0;1mTRUNCATE TABLE `autors`;[0m
  [4;35;1mSQL (3.2ms)[0m   [0mTRUNCATE TABLE `conhecimentos`;[0m
  [4;36;1mSQL (0.6ms)[0m   [0;1mSET FOREIGN_KEY_CHECKS = 1[0m
  [4;36;1mSQL (0.3ms)[0m   [0;1mSET NAMES 'utf8'[0m
  [4;35;1mSQL (0.1ms)[0m   [0mSET SQL_AUTO_IS_NULL=0[0m
  [4;36;1mConhecimento Columns (8.5ms)[0m   [0;1mSHOW FIELDS FROM `conhecimentos`[0m
  [4;35;1mAutor Columns (2.0ms)[0m   [0mSHOW FIELDS FROM `autors`[0m
  [4;36;1mSQL (3.0ms)[0m   [0;1mBEGIN[0m
  [4;35;1mAutor Create (8.7ms)[0m   [0mINSERT INTO `autors` (`created_at`, `nome`, `updated_at`) VALUES('2010-08-23 19:46:12', 'Meu autor', '2010-08-23 19:46:12')[0m
  [4;36;1mConhecimento Create (0.3ms)[0m   [0;1mINSERT INTO `conhecimentos` (`created_at`, `autor_id`, `titulo`, `updated_at`, `texto`) VALUES('2010-08-23 19:46:12', 1, 'livro de teste', '2010-08-23 19:46:12', 'meu livro')[0m
  [4;35;1mSQL (5.4ms)[0m   [0mCOMMIT[0m


Processing ConhecimentosController#index (for 127.0.0.1 at 2010-08-23 16:46:15) [GET]
  [4;36;1mSQL (0.2ms)[0m   [0;1mSET NAMES 'utf8'[0m
  [4;35;1mSQL (0.1ms)[0m   [0mSET SQL_AUTO_IS_NULL=0[0m
  [4;36;1mAutor Load (4.4ms)[0m   [0;1mSELECT * FROM `autors` ORDER BY id DESC[0m
  [4;35;1mConhecimento Load (1.4ms)[0m   [0mSELECT * FROM `conhecimentos` ORDER BY id DESC[0m
Rendering template within layouts/application
Rendering conhecimentos/index
  [4;36;1mAutor Load (4.2ms)[0m   [0;1mSELECT * FROM `autors` WHERE (`autors`.`id` = 1) [0m
Rendered autors/_index (12.4ms)
Completed in 69ms (View: 42, DB: 6) | 200 OK [http://localhost/]
  [4;35;1mSQL (0.4ms)[0m   [0mSELECT @@FOREIGN_KEY_CHECKS[0m
  [4;36;1mSQL (0.1ms)[0m   [0;1mSET FOREIGN_KEY_CHECKS = 0[0m
  [4;35;1mSQL (0.4ms)[0m   [0mSHOW TABLES[0m
  [4;36;1mSQL (62.0ms)[0m   [0;1mTRUNCATE TABLE `autors`;[0m
  [4;35;1mSQL (3.3ms)[0m   [0mTRUNCATE TABLE `conhecimentos`;[0m
  [4;36;1mSQL (0.1ms)[0m   [0;1mSET FOREIGN_KEY_CHECKS = 1[0m
  [4;36;1mSQL (3.9ms)[0m   [0;1mSET NAMES 'utf8'[0m
  [4;35;1mSQL (0.2ms)[0m   [0mSET SQL_AUTO_IS_NULL=0[0m
  [4;36;1mConhecimento Columns (1.1ms)[0m   [0;1mSHOW FIELDS FROM `conhecimentos`[0m
  [4;35;1mAutor Columns (0.8ms)[0m   [0mSHOW FIELDS FROM `autors`[0m
  [4;36;1mSQL (6.0ms)[0m   [0;1mBEGIN[0m
  [4;35;1mAutor Create (0.6ms)[0m   [0mINSERT INTO `autors` (`created_at`, `nome`, `updated_at`) VALUES('2010-08-23 19:46:44', 'Meu autor', '2010-08-23 19:46:44')[0m
  [4;36;1mConhecimento Create (0.3ms)[0m   [0;1mINSERT INTO `conhecimentos` (`created_at`, `autor_id`, `titulo`, `updated_at`, `texto`) VALUES('2010-08-23 19:46:44', 1, 'livro de teste', '2010-08-23 19:46:44', 'meu livro')[0m
  [4;35;1mSQL (4.8ms)[0m   [0mCOMMIT[0m


Processing ConhecimentosController#index (for 127.0.0.1 at 2010-08-23 16:46:48) [GET]
  [4;36;1mSQL (0.2ms)[0m   [0;1mSET NAMES 'utf8'[0m
  [4;35;1mSQL (0.1ms)[0m   [0mSET SQL_AUTO_IS_NULL=0[0m
  [4;36;1mAutor Load (4.4ms)[0m   [0;1mSELECT * FROM `autors` ORDER BY id DESC[0m
  [4;35;1mConhecimento Load (0.4ms)[0m   [0mSELECT * FROM `conhecimentos` ORDER BY id DESC[0m
Rendering template within layouts/application
Rendering conhecimentos/index
  [4;36;1mAutor Load (0.6ms)[0m   [0;1mSELECT * FROM `autors` WHERE (`autors`.`id` = 1) [0m
Rendered autors/_index (6.2ms)
Completed in 48ms (View: 26, DB: 5) | 200 OK [http://localhost/]
  [4;35;1mSQL (0.3ms)[0m   [0mSELECT @@FOREIGN_KEY_CHECKS[0m
  [4;36;1mSQL (0.2ms)[0m   [0;1mSET FOREIGN_KEY_CHECKS = 0[0m
  [4;35;1mSQL (0.4ms)[0m   [0mSHOW TABLES[0m
  [4;36;1mSQL (5.4ms)[0m   [0;1mTRUNCATE TABLE `autors`;[0m
  [4;35;1mSQL (6.1ms)[0m   [0mTRUNCATE TABLE `conhecimentos`;[0m
  [4;36;1mSQL (0.1ms)[0m   [0;1mSET FOREIGN_KEY_CHECKS = 1[0m
  [4;36;1mSQL (0.2ms)[0m   [0;1mSET NAMES 'utf8'[0m
  [4;35;1mSQL (0.1ms)[0m   [0mSET SQL_AUTO_IS_NULL=0[0m
  [4;36;1mConhecimento Columns (8.0ms)[0m   [0;1mSHOW FIELDS FROM `conhecimentos`[0m
  [4;35;1mAutor Columns (0.9ms)[0m   [0mSHOW FIELDS FROM `autors`[0m
  [4;36;1mSQL (3.0ms)[0m   [0;1mBEGIN[0m
  [4;35;1mAutor Create (3.1ms)[0m   [0mINSERT INTO `autors` (`created_at`, `nome`, `updated_at`) VALUES('2010-08-23 19:48:17', 'Meu autor', '2010-08-23 19:48:17')[0m
  [4;36;1mConhecimento Create (0.3ms)[0m   [0;1mINSERT INTO `conhecimentos` (`created_at`, `autor_id`, `titulo`, `updated_at`, `texto`) VALUES('2010-08-23 19:48:17', 1, 'livro de teste', '2010-08-23 19:48:17', 'meu livro')[0m
  [4;35;1mSQL (5.8ms)[0m   [0mCOMMIT[0m


Processing ConhecimentosController#index (for 127.0.0.1 at 2010-08-23 16:48:20) [GET]
  [4;36;1mSQL (0.2ms)[0m   [0;1mSET NAMES 'utf8'[0m
  [4;35;1mSQL (0.1ms)[0m   [0mSET SQL_AUTO_IS_NULL=0[0m
  [4;36;1mAutor Load (1.3ms)[0m   [0;1mSELECT * FROM `autors` ORDER BY id DESC[0m
  [4;35;1mConhecimento Load (2.9ms)[0m   [0mSELECT * FROM `conhecimentos` ORDER BY id DESC[0m
Rendering template within layouts/application
Rendering conhecimentos/index
  [4;36;1mAutor Load (1.7ms)[0m   [0;1mSELECT * FROM `autors` WHERE (`autors`.`id` = 1) [0m
Rendered autors/_index (12.0ms)
Completed in 69ms (View: 42, DB: 4) | 200 OK [http://localhost/]
  [4;35;1mSQL (0.3ms)[0m   [0mSELECT @@FOREIGN_KEY_CHECKS[0m
  [4;36;1mSQL (0.1ms)[0m   [0;1mSET FOREIGN_KEY_CHECKS = 0[0m
  [4;35;1mSQL (0.5ms)[0m   [0mSHOW TABLES[0m
  [4;36;1mSQL (42.3ms)[0m   [0;1mTRUNCATE TABLE `autors`;[0m
  [4;35;1mSQL (4.1ms)[0m   [0mTRUNCATE TABLE `conhecimentos`;[0m
  [4;36;1mSQL (0.1ms)[0m   [0;1mSET FOREIGN_KEY_CHECKS = 1[0m
  [4;36;1mSQL (0.2ms)[0m   [0;1mSET NAMES 'utf8'[0m
  [4;35;1mSQL (0.1ms)[0m   [0mSET SQL_AUTO_IS_NULL=0[0m
  [4;36;1mConhecimento Columns (1.1ms)[0m   [0;1mSHOW FIELDS FROM `conhecimentos`[0m
  [4;35;1mAutor Columns (1.0ms)[0m   [0mSHOW FIELDS FROM `autors`[0m
  [4;36;1mSQL (0.2ms)[0m   [0;1mBEGIN[0m
  [4;35;1mAutor Create (0.3ms)[0m   [0mINSERT INTO `autors` (`created_at`, `nome`, `updated_at`) VALUES('2010-08-23 19:48:45', 'Meu autor', '2010-08-23 19:48:45')[0m
  [4;36;1mConhecimento Create (4.6ms)[0m   [0;1mINSERT INTO `conhecimentos` (`created_at`, `autor_id`, `titulo`, `updated_at`, `texto`) VALUES('2010-08-23 19:48:45', 1, 'livro de teste', '2010-08-23 19:48:45', 'meu livro')[0m
  [4;35;1mSQL (3.8ms)[0m   [0mCOMMIT[0m


Processing ConhecimentosController#index (for 127.0.0.1 at 2010-08-23 16:48:48) [GET]
  [4;36;1mSQL (0.2ms)[0m   [0;1mSET NAMES 'utf8'[0m
  [4;35;1mSQL (0.2ms)[0m   [0mSET SQL_AUTO_IS_NULL=0[0m
  [4;36;1mAutor Load (6.3ms)[0m   [0;1mSELECT * FROM `autors` ORDER BY id DESC[0m
  [4;35;1mConhecimento Load (0.4ms)[0m   [0mSELECT * FROM `conhecimentos` ORDER BY id DESC[0m
Rendering template within layouts/application
Rendering conhecimentos/index
  [4;36;1mAutor Load (0.3ms)[0m   [0;1mSELECT * FROM `autors` WHERE (`autors`.`id` = 1) [0m
Rendered autors/_index (12.1ms)
Completed in 69ms (View: 40, DB: 7) | 200 OK [http://localhost/]


Processing ConhecimentosController#destroy (for 127.0.0.1 at 2010-08-23 16:48:55) [DELETE]
  Parameters: {"id"=>"1"}
  [4;35;1mConhecimento Load (4.6ms)[0m   [0mSELECT * FROM `conhecimentos` WHERE (`conhecimentos`.`id` = 1) [0m
  [4;36;1mSQL (0.1ms)[0m   [0;1mBEGIN[0m
  [4;35;1mConhecimento Destroy (84.1ms)[0m   [0mDELETE FROM `conhecimentos` WHERE `id` = 1[0m
  [4;36;1mSQL (5.9ms)[0m   [0;1mCOMMIT[0m
  [4;35;1mSQL (0.8ms)[0m   [0mSELECT @@FOREIGN_KEY_CHECKS[0m
  [4;36;1mSQL (0.2ms)[0m   [0;1mSET FOREIGN_KEY_CHECKS = 0[0m
  [4;35;1mSQL (4.1ms)[0m   [0mSHOW TABLES[0m
  [4;36;1mSQL (152.8ms)[0m   [0;1mTRUNCATE TABLE `autors`;[0m
  [4;35;1mSQL (13.1ms)[0m   [0mTRUNCATE TABLE `conhecimentos`;[0m
  [4;36;1mSQL (0.4ms)[0m   [0;1mSET FOREIGN_KEY_CHECKS = 1[0m
  [4;36;1mSQL (0.3ms)[0m   [0;1mSET NAMES 'utf8'[0m
  [4;35;1mSQL (0.2ms)[0m   [0mSET SQL_AUTO_IS_NULL=0[0m
  [4;36;1mConhecimento Columns (1.2ms)[0m   [0;1mSHOW FIELDS FROM `conhecimentos`[0m
  [4;35;1mAutor Columns (4.1ms)[0m   [0mSHOW FIELDS FROM `autors`[0m
  [4;36;1mSQL (0.2ms)[0m   [0;1mBEGIN[0m
  [4;35;1mAutor Create (0.6ms)[0m   [0mINSERT INTO `autors` (`created_at`, `nome`, `updated_at`) VALUES('2010-08-23 19:52:52', 'Meu autor', '2010-08-23 19:52:52')[0m
  [4;36;1mConhecimento Create (1.3ms)[0m   [0;1mINSERT INTO `conhecimentos` (`created_at`, `autor_id`, `titulo`, `updated_at`, `texto`) VALUES('2010-08-23 19:52:52', 1, 'livro de teste', '2010-08-23 19:52:52', 'meu livro')[0m
  [4;35;1mSQL (3.9ms)[0m   [0mCOMMIT[0m


Processing ConhecimentosController#index (for 127.0.0.1 at 2010-08-23 16:52:56) [GET]
  [4;36;1mSQL (0.2ms)[0m   [0;1mSET NAMES 'utf8'[0m
  [4;35;1mSQL (0.2ms)[0m   [0mSET SQL_AUTO_IS_NULL=0[0m
  [4;36;1mAutor Load (10.5ms)[0m   [0;1mSELECT * FROM `autors` ORDER BY id DESC[0m
  [4;35;1mConhecimento Load (0.4ms)[0m   [0mSELECT * FROM `conhecimentos` ORDER BY id DESC[0m
Rendering template within layouts/application
Rendering conhecimentos/index
  [4;36;1mAutor Load (0.3ms)[0m   [0;1mSELECT * FROM `autors` WHERE (`autors`.`id` = 1) [0m
Rendered autors/_index (15.6ms)
Completed in 66ms (View: 37, DB: 11) | 200 OK [http://localhost/]
  [4;35;1mSQL (0.5ms)[0m   [0mSELECT @@FOREIGN_KEY_CHECKS[0m
  [4;36;1mSQL (0.2ms)[0m   [0;1mSET FOREIGN_KEY_CHECKS = 0[0m
  [4;35;1mSQL (0.6ms)[0m   [0mSHOW TABLES[0m
  [4;36;1mSQL (6.0ms)[0m   [0;1mTRUNCATE TABLE `autors`;[0m
  [4;35;1mSQL (16.7ms)[0m   [0mTRUNCATE TABLE `conhecimentos`;[0m
  [4;36;1mSQL (0.2ms)[0m   [0;1mSET FOREIGN_KEY_CHECKS = 1[0m
  [4;36;1mSQL (0.2ms)[0m   [0;1mSET NAMES 'utf8'[0m
  [4;35;1mSQL (0.1ms)[0m   [0mSET SQL_AUTO_IS_NULL=0[0m
  [4;36;1mConhecimento Columns (6.0ms)[0m   [0;1mSHOW FIELDS FROM `conhecimentos`[0m
  [4;35;1mAutor Columns (4.8ms)[0m   [0mSHOW FIELDS FROM `autors`[0m
  [4;36;1mSQL (5.9ms)[0m   [0;1mBEGIN[0m
  [4;35;1mAutor Create (0.4ms)[0m   [0mINSERT INTO `autors` (`created_at`, `nome`, `updated_at`) VALUES('2010-08-23 19:53:28', 'Meu autor', '2010-08-23 19:53:28')[0m
  [4;36;1mConhecimento Create (3.1ms)[0m   [0;1mINSERT INTO `conhecimentos` (`created_at`, `autor_id`, `titulo`, `updated_at`, `texto`) VALUES('2010-08-23 19:53:28', 1, 'livro de teste', '2010-08-23 19:53:28', 'meu livro')[0m
  [4;35;1mSQL (45.4ms)[0m   [0mCOMMIT[0m


Processing ConhecimentosController#index (for 127.0.0.1 at 2010-08-23 16:53:32) [GET]
  [4;36;1mSQL (0.1ms)[0m   [0;1mSET NAMES 'utf8'[0m
  [4;35;1mSQL (0.1ms)[0m   [0mSET SQL_AUTO_IS_NULL=0[0m
  [4;36;1mAutor Load (2.8ms)[0m   [0;1mSELECT * FROM `autors` ORDER BY id DESC[0m
  [4;35;1mConhecimento Load (0.3ms)[0m   [0mSELECT * FROM `conhecimentos` ORDER BY id DESC[0m
Rendering template within layouts/application
Rendering conhecimentos/index
  [4;36;1mAutor Load (1.4ms)[0m   [0;1mSELECT * FROM `autors` WHERE (`autors`.`id` = 1) [0m
Rendered autors/_index (8.6ms)
Completed in 67ms (View: 40, DB: 3) | 200 OK [http://localhost/]
  [4;35;1mSQL (0.4ms)[0m   [0mSELECT @@FOREIGN_KEY_CHECKS[0m
  [4;36;1mSQL (0.2ms)[0m   [0;1mSET FOREIGN_KEY_CHECKS = 0[0m
  [4;35;1mSQL (1.1ms)[0m   [0mSHOW TABLES[0m
  [4;36;1mSQL (16.0ms)[0m   [0;1mTRUNCATE TABLE `autors`;[0m
  [4;35;1mSQL (10.8ms)[0m   [0mTRUNCATE TABLE `conhecimentos`;[0m
  [4;36;1mSQL (0.3ms)[0m   [0;1mSET FOREIGN_KEY_CHECKS = 1[0m
  [4;36;1mSQL (0.2ms)[0m   [0;1mSET NAMES 'utf8'[0m
  [4;35;1mSQL (0.1ms)[0m   [0mSET SQL_AUTO_IS_NULL=0[0m
  [4;36;1mConhecimento Columns (7.3ms)[0m   [0;1mSHOW FIELDS FROM `conhecimentos`[0m
  [4;35;1mAutor Columns (3.9ms)[0m   [0mSHOW FIELDS FROM `autors`[0m
  [4;36;1mSQL (5.9ms)[0m   [0;1mBEGIN[0m
  [4;35;1mAutor Create (0.4ms)[0m   [0mINSERT INTO `autors` (`created_at`, `nome`, `updated_at`) VALUES('2010-08-23 19:54:03', 'Meu autor', '2010-08-23 19:54:03')[0m
  [4;36;1mConhecimento Create (0.2ms)[0m   [0;1mINSERT INTO `conhecimentos` (`created_at`, `autor_id`, `titulo`, `updated_at`, `texto`) VALUES('2010-08-23 19:54:03', 1, 'livro de teste', '2010-08-23 19:54:03', 'meu livro')[0m
  [4;35;1mSQL (5.4ms)[0m   [0mCOMMIT[0m


Processing ConhecimentosController#index (for 127.0.0.1 at 2010-08-23 16:54:07) [GET]
  [4;36;1mSQL (0.2ms)[0m   [0;1mSET NAMES 'utf8'[0m
  [4;35;1mSQL (0.1ms)[0m   [0mSET SQL_AUTO_IS_NULL=0[0m
  [4;36;1mAutor Load (4.6ms)[0m   [0;1mSELECT * FROM `autors` ORDER BY id DESC[0m
  [4;35;1mConhecimento Load (3.8ms)[0m   [0mSELECT * FROM `conhecimentos` ORDER BY id DESC[0m
Rendering template within layouts/application
Rendering conhecimentos/index
  [4;36;1mAutor Load (1.2ms)[0m   [0;1mSELECT * FROM `autors` WHERE (`autors`.`id` = 1) [0m
Rendered autors/_index (13.8ms)
Completed in 66ms (View: 39, DB: 9) | 200 OK [http://localhost/]


Processing ConhecimentosController#destroy (for 127.0.0.1 at 2010-08-23 16:54:16) [DELETE]
  Parameters: {"id"=>"1"}
  [4;35;1mConhecimento Load (3.2ms)[0m   [0mSELECT * FROM `conhecimentos` WHERE (`conhecimentos`.`id` = 1) [0m
  [4;36;1mSQL (0.6ms)[0m   [0;1mBEGIN[0m
  [4;35;1mConhecimento Destroy (13.2ms)[0m   [0mDELETE FROM `conhecimentos` WHERE `id` = 1[0m
  [4;36;1mSQL (3.2ms)[0m   [0;1mCOMMIT[0m
  [4;35;1mSQL (0.3ms)[0m   [0mSELECT @@FOREIGN_KEY_CHECKS[0m
  [4;36;1mSQL (0.1ms)[0m   [0;1mSET FOREIGN_KEY_CHECKS = 0[0m
  [4;35;1mSQL (0.4ms)[0m   [0mSHOW TABLES[0m
  [4;36;1mSQL (4.3ms)[0m   [0;1mTRUNCATE TABLE `autors`;[0m
  [4;35;1mSQL (7.5ms)[0m   [0mTRUNCATE TABLE `conhecimentos`;[0m
  [4;36;1mSQL (0.2ms)[0m   [0;1mSET FOREIGN_KEY_CHECKS = 1[0m
  [4;36;1mSQL (0.2ms)[0m   [0;1mSET NAMES 'utf8'[0m
  [4;35;1mSQL (0.2ms)[0m   [0mSET SQL_AUTO_IS_NULL=0[0m
  [4;36;1mConhecimento Columns (1.0ms)[0m   [0;1mSHOW FIELDS FROM `conhecimentos`[0m
  [4;35;1mAutor Columns (4.9ms)[0m   [0mSHOW FIELDS FROM `autors`[0m
  [4;36;1mSQL (0.1ms)[0m   [0;1mBEGIN[0m
  [4;35;1mAutor Create (3.4ms)[0m   [0mINSERT INTO `autors` (`created_at`, `nome`, `updated_at`) VALUES('2010-08-23 19:56:24', 'Meu autor', '2010-08-23 19:56:24')[0m
  [4;36;1mConhecimento Create (6.0ms)[0m   [0;1mINSERT INTO `conhecimentos` (`created_at`, `autor_id`, `titulo`, `updated_at`, `texto`) VALUES('2010-08-23 19:56:24', 1, 'livro de teste', '2010-08-23 19:56:24', 'meu livro')[0m
  [4;35;1mSQL (4.6ms)[0m   [0mCOMMIT[0m


Processing ConhecimentosController#index (for 127.0.0.1 at 2010-08-23 16:56:27) [GET]
  [4;36;1mSQL (0.2ms)[0m   [0;1mSET NAMES 'utf8'[0m
  [4;35;1mSQL (0.1ms)[0m   [0mSET SQL_AUTO_IS_NULL=0[0m
  [4;36;1mAutor Load (2.1ms)[0m   [0;1mSELECT * FROM `autors` ORDER BY id DESC[0m
  [4;35;1mConhecimento Load (0.3ms)[0m   [0mSELECT * FROM `conhecimentos` ORDER BY id DESC[0m
Rendering template within layouts/application
Rendering conhecimentos/index
  [4;36;1mAutor Load (5.9ms)[0m   [0;1mSELECT * FROM `autors` WHERE (`autors`.`id` = 1) [0m
Rendered autors/_index (11.6ms)
Completed in 60ms (View: 37, DB: 3) | 200 OK [http://localhost/]
  [4;35;1mSQL (0.5ms)[0m   [0mSELECT @@FOREIGN_KEY_CHECKS[0m
  [4;36;1mSQL (0.9ms)[0m   [0;1mSET FOREIGN_KEY_CHECKS = 0[0m
  [4;35;1mSQL (0.6ms)[0m   [0mSHOW TABLES[0m
  [4;36;1mSQL (46.9ms)[0m   [0;1mTRUNCATE TABLE `autors`;[0m
  [4;35;1mSQL (5.0ms)[0m   [0mTRUNCATE TABLE `conhecimentos`;[0m
  [4;36;1mSQL (0.2ms)[0m   [0;1mSET FOREIGN_KEY_CHECKS = 1[0m
